<?xml version="1.0" encoding="UTF-8"?>
<testsuite name="games.gameOfFifteen.TestGameOfFifteen" tests="2" skipped="0" failures="0" errors="0" timestamp="2023-12-31T09:19:24" hostname="YOGA" time="0.029">
  <properties/>
  <testcase name="testMoves" classname="games.gameOfFifteen.TestGameOfFifteen" time="0.008"/>
  <testcase name="testWinning" classname="games.gameOfFifteen.TestGameOfFifteen" time="0.021"/>
  <system-out><![CDATA[Initial state:
11  2  6  1
 3  4 13  5
 9  8 15 14
10  7 12  -
Expected final state:
 1  2  3  4
 5  6  7  8
 9 10 11 12
13 14 15
After RIGHT:
11  2  6  1
 3  4 13  5
 9  8 15 14
10  7  - 12
After RIGHT:
11  2  6  1
 3  4 13  5
 9  8 15 14
10  -  7 12
After RIGHT:
11  2  6  1
 3  4 13  5
 9  8 15 14
 - 10  7 12
After RIGHT:
11  2  6  1
 3  4 13  5
 9  8 15 14
 - 10  7 12
After RIGHT:
11  2  6  1
 3  4 13  5
 9  8 15 14
 - 10  7 12
After RIGHT:
11  2  6  1
 3  4 13  5
 9  8 15 14
 - 10  7 12
After RIGHT:
11  2  6  1
 3  4 13  5
 9  8 15 14
 - 10  7 12
After RIGHT:
11  2  6  1
 3  4 13  5
 9  8 15 14
 - 10  7 12
After RIGHT:
11  2  6  1
 3  4 13  5
 9  8 15 14
 - 10  7 12
After RIGHT:
11  2  6  1
 3  4 13  5
 9  8 15 14
 - 10  7 12
After RIGHT:
11  2  6  1
 3  4 13  5
 9  8 15 14
 - 10  7 12
After RIGHT:
11  2  6  1
 3  4 13  5
 9  8 15 14
 - 10  7 12
After RIGHT:
11  2  6  1
 3  4 13  5
 9  8 15 14
 - 10  7 12
After RIGHT:
11  2  6  1
 3  4 13  5
 9  8 15 14
 - 10  7 12
After RIGHT:
11  2  6  1
 3  4 13  5
 9  8 15 14
 - 10  7 12
]]></system-out>
  <system-err><![CDATA[]]></system-err>
</testsuite>
